AccountId {
  shard: Long { low: 0, high: 0, unsigned: false },
  realm: Long { low: 0, high: 0, unsigned: false },
  num: Long { low: 4569387, high: 0, unsigned: false },
  aliasKey: null,
  evmAddress: null,
  _checksum: null
}
Error: {"name":"StatusError","status":"INVALID_SIGNATURE","transactionId":"0.0.4568016@1683282088.336617029","message":"receipt for transaction 0.0.4568016@1683282088.336617029 contained error status INVALID_SIGNATURE"}
TransactionReceipt {
  status: Status { _code: 22 },
  accountId: null,
  fileId: null,
  contractId: null,
  topicId: null,
  tokenId: null,
  scheduleId: null,
  exchangeRate: ExchangeRate {
    hbars: 30000,
    cents: 173376,
    expirationTime: 2023-05-05T11:00:00.000Z,
    exchangeRateInCents: 5.7792
  },
  topicSequenceNumber: Long { low: 0, high: 0, unsigned: false },
  topicRunningHash: Uint8Array(0) [],
  totalSupply: Long { low: 0, high: 0, unsigned: false },
  scheduledTransactionId: null,
  serials: [],
  duplicates: [],
  children: []
}