- Acount 1
Private key: 302e020100300506032b6570042204203154df9a425aa090ba0f60f0a91ab7faa90d9233859659324508994089ab1df0
Account ID: 0.0.4568016

- Acount 2
Private key: 302e020100300506032b657004220420f410b32e17cbd1b299a1ef34545bc14135334ad774fcf983673e3fdb5dd79dc3
Account ID: 0.0.4568018

- Acount 3
Private key: 302e020100300506032b657004220420efa93198ab939877d7fab459411b2786820d89c942b9251a2db5c33236c9be41
Account ID: 0.0.4568020

- Acount 4
Private key: 302e020100300506032b6570042204201738164df96e7bfb3cbe77a04422b1e02a84295da94c5fcb458d6636bbdbc8dd
Account ID: 0.0.4568021

- Acount 5
Private key: 302e020100300506032b65700422042003618e12ae4b3da7c15f80d427eefdb190fecd1ea09f9638a8f23bf54b70d155
Account ID: 0.0.4568022

[
  AccountId {
    shard: Long { low: 0, high: 0, unsigned: false },
    realm: Long { low: 0, high: 0, unsigned: false },
    num: Long { low: 4568016, high: 0, unsigned: false },
    aliasKey: null,
    evmAddress: null,
    _checksum: null
  },
  AccountId {
    shard: Long { low: 0, high: 0, unsigned: false },
    realm: Long { low: 0, high: 0, unsigned: false },
    num: Long { low: 4568018, high: 0, unsigned: false },
    aliasKey: null,
    evmAddress: null,
    _checksum: null
  },
  AccountId {
    shard: Long { low: 0, high: 0, unsigned: false },
    realm: Long { low: 0, high: 0, unsigned: false },
    num: Long { low: 4568020, high: 0, unsigned: false },
    aliasKey: null,
    evmAddress: null,
    _checksum: null
  },
  AccountId {
    shard: Long { low: 0, high: 0, unsigned: false },
    realm: Long { low: 0, high: 0, unsigned: false },
    num: Long { low: 4568021, high: 0, unsigned: false },
    aliasKey: null,
    evmAddress: null,
    _checksum: null
  },
  AccountId {
    shard: Long { low: 0, high: 0, unsigned: false },
    realm: Long { low: 0, high: 0, unsigned: false },
    num: Long { low: 4568022, high: 0, unsigned: false },
    aliasKey: null,
    evmAddress: null,
    _checksum: null
  }
]
TransactionReceipt {
  status: Status { _code: 22 },
  accountId: null,
  fileId: null,
  contractId: null,
  topicId: null,
  tokenId: null,
  scheduleId: null,
  exchangeRate: ExchangeRate {
    hbars: 30000,
    cents: 172792,
    expirationTime: 2023-05-05T09:00:00.000Z,
    exchangeRateInCents: 5.759733333333333
  },
  topicSequenceNumber: Long { low: 0, high: 0, unsigned: false },
  topicRunningHash: Uint8Array(0) [],
  totalSupply: Long { low: 0, high: 0, unsigned: false },
  scheduledTransactionId: null,
  serials: [],
  duplicates: [],
  children: []
}